Added Component: Designator=H1(#8-32_SOCKET_HEAD)
Add component. Clean all parameters for all variants
Add component (AddParameter): Name = "Part Number"; Value = "MISC-00027"; VariantName = "[No Variations]"
Added Component: Designator=H2(#8-32_SOCKET_HEAD)
Add component. Clean all parameters for all variants
Add component (AddParameter): Name = "Part Number"; Value = "MISC-00027"; VariantName = "[No Variations]"
Added Component: Designator=H3(#8-32_SOCKET_HEAD)
Add component. Clean all parameters for all variants
Add component (AddParameter): Name = "Part Number"; Value = "MISC-00027"; VariantName = "[No Variations]"
Added Component: Designator=H4(#8-32_SOCKET_HEAD)
Add component. Clean all parameters for all variants
Add component (AddParameter): Name = "Part Number"; Value = "MISC-00027"; VariantName = "[No Variations]"
Added Component: Designator=P6(hddr_2x1_0)
Add component. Clean all parameters for all variants
Add component (AddParameter): Name = "Cost"; Value = "0.2"; VariantName = "[No Variations]"
Add component (AddParameter): Name = "Levels"; Value = "1"; VariantName = "[No Variations]"
Add component (AddParameter): Name = "Manufacturer"; Value = "Samtec"; VariantName = "[No Variations]"
Add component (AddParameter): Name = "Manufacturer PN"; Value = "TSW-102-07-F-S"; VariantName = "[No Variations]"
Add component (AddParameter): Name = "Part Number"; Value = "CONN-00055"; VariantName = "[No Variations]"
Add component (AddParameter): Name = "Positions per level"; Value = "2"; VariantName = "[No Variations]"
Add component (AddParameter): Name = "Type"; Value = "Header"; VariantName = "[No Variations]"
Added Pin To Net: NetName=GND Pin=H1-0
Added Pin To Net: NetName=GND Pin=H2-0
Added Pin To Net: NetName=GND Pin=H3-0
Added Pin To Net: NetName=GND Pin=H4-0
Added Pin To Net: NetName=NetP6_1 Pin=P6-1
Added Pin To Net: NetName=NetP3_2 Pin=P6-2
Added Member To Class: ClassName=LedModulePower Member=Component H1 mounting_hole_0
Added Member To Class: ClassName=LedModulePower Member=Component H2 mounting_hole_0
Added Member To Class: ClassName=LedModulePower Member=Component H3 mounting_hole_0
Added Member To Class: ClassName=LedModulePower Member=Component H4 mounting_hole_0
Added Member To Class: ClassName=LedModuleMicrocontroller Member=Component P6 conn-2x1_0
