Added Pin To Net: NetName=GND Pin=C9-2
Added Pin To Net: NetName=GND Pin=C10-2
Added Pin To Net: NetName=GND Pin=C11-2
Added Pin To Net: NetName=GND Pin=C12-2
Added Pin To Net: NetName=GND Pin=C13-2
Added Pin To Net: NetName=GND Pin=C14-2
Added Pin To Net: NetName=GND Pin=C15-2
Added Pin To Net: NetName=GND Pin=D1-1
Added Pin To Net: NetName=GND Pin=D1-2
Added Pin To Net: NetName=GND Pin=P4-2
Added Pin To Net: NetName=GND Pin=P4-2
Added Pin To Net: NetName=GND Pin=R7-2
Added Pin To Net: NetName=GND Pin=R9-2
Added Pin To Net: NetName=GND Pin=U3-7
Added Pin To Net: NetName=GND Pin=U3-9
Change Net Color : Old Net Color=Aqua New Net Color=Default
Change Net Color : Old Net Color=RGB(255, 217, 0) New Net Color=Default
Change Net Color : Old Net Color=RGB(255, 240, 255) New Net Color=Default
Change Net Color : Old Net Color=Lime New Net Color=Default
Added Room: Name=LedModuleMicrocontroller
Added Room: Name=LedModulePower
