Change Physical Footprint: Designator=C1 Old Footprint=chip_0603 New Footprint=chip_0603
Change Physical Footprint: Designator=C2 Old Footprint=chip_0603 New Footprint=chip_0603
Change Physical Footprint: Designator=C3 Old Footprint=chip_0603 New Footprint=chip_0603
Change Physical Footprint: Designator=C4 Old Footprint=chip_0603 New Footprint=chip_0603
Change Physical Footprint: Designator=C5 Old Footprint=chip_0603 New Footprint=chip_0603
Change Physical Footprint: Designator=C6 Old Footprint=chip_0603 New Footprint=chip_0603
Change Physical Footprint: Designator=C7 Old Footprint=chip_0603 New Footprint=chip_0603
Change Physical Footprint: Designator=C8 Old Footprint=chip_0603 New Footprint=chip_0603
Change Physical Footprint: Designator=C9 Old Footprint=chip_1210 New Footprint=chip_1210
Change Physical Footprint: Designator=C10 Old Footprint=chip_1210 New Footprint=chip_1210
Change Physical Footprint: Designator=C11 Old Footprint=chip_1210 New Footprint=chip_1210
Change Physical Footprint: Designator=C12 Old Footprint=chip_1206 New Footprint=chip_1206
Change Physical Footprint: Designator=C13 Old Footprint=chip_1206 New Footprint=chip_1206
Change Physical Footprint: Designator=C14 Old Footprint=chip_0603 New Footprint=chip_0603
Change Physical Footprint: Designator=C15 Old Footprint=chip_0603 New Footprint=chip_0603
Change Physical Footprint: Designator=C16 Old Footprint=chip_0805 New Footprint=chip_0805
Change Physical Footprint: Designator=C17 Old Footprint=chip_0603 New Footprint=chip_0603
Change Physical Footprint: Designator=C18 Old Footprint=chip_0603 New Footprint=chip_0603
Change Physical Footprint: Designator=C19 Old Footprint=chip_0805 New Footprint=chip_0805
Change Physical Footprint: Designator=C20 Old Footprint=chip_0805 New Footprint=chip_0805
Change Physical Footprint: Designator=D1 Old Footprint=TO-277-3 New Footprint=TO-277-3
Change Physical Footprint: Designator=D2 Old Footprint=sod323_0 New Footprint=sod323_0
Change Physical Footprint: Designator=D3 Old Footprint=chip_0603 New Footprint=chip_0603
Change Physical Footprint: Designator=L1 Old Footprint=7447709150 New Footprint=7447709150
Change Physical Footprint: Designator=P1 Old Footprint=TERM_3.50MM_3x1_0 New Footprint=TERM_3.50MM_3x1_0
Change Physical Footprint: Designator=P2 Old Footprint=HDDR_4x1_0 New Footprint=HDDR_4x1_0
Change Physical Footprint: Designator=P3 Old Footprint=TERM_3.50MM_2x1_0 New Footprint=TERM_3.50MM_2x1_0
Change Physical Footprint: Designator=P4 Old Footprint=TERM_3.50MM_2x1_0 New Footprint=TERM_3.50MM_2x1_0
Change Physical Footprint: Designator=Q1 Old Footprint=sot-23-3 New Footprint=sot-23-3
Change Physical Footprint: Designator=R1 Old Footprint=chip_0805 New Footprint=chip_0805
Change Physical Footprint: Designator=R2 Old Footprint=chip_0805 New Footprint=chip_0805
Change Physical Footprint: Designator=R3 Old Footprint=chip_0603 New Footprint=chip_0603
Change Physical Footprint: Designator=R4 Old Footprint=chip_0805 New Footprint=chip_0805
Change Physical Footprint: Designator=R6 Old Footprint=chip_0805 New Footprint=chip_0805
Change Physical Footprint: Designator=R7 Old Footprint=chip_0603 New Footprint=chip_0603
Change Physical Footprint: Designator=R8 Old Footprint=chip_0603 New Footprint=chip_0603
Change Physical Footprint: Designator=R9 Old Footprint=chip_0805 New Footprint=chip_0805
Change Physical Footprint: Designator=R10 Old Footprint=chip_0603 New Footprint=chip_0603
Change Physical Footprint: Designator=U1 Old Footprint=LQFP48_0 New Footprint=LQFP48_0
Change Physical Footprint: Designator=U2 Old Footprint=SO-8 New Footprint=SO-8
Change Physical Footprint: Designator=U3 Old Footprint=SO-8_PPAD New Footprint=SO-8_PPAD
Change Physical Footprint: Designator=U4 Old Footprint=sot-223-4 New Footprint=sot-223-4
Change Physical Footprint: Designator=Y1 Old Footprint=ABLS_AT49_OSC New Footprint=ABLS_AT49_OSC
