Added Component: Designator=H1(#8-32_SOCKET_HEAD)
Add component. Clean all parameters for all variants
Add component (AddParameter): Name = "Part Number"; Value = "MISC-00027"; VariantName = "[No Variations]"
Added Component: Designator=H2(#8-32_SOCKET_HEAD)
Add component. Clean all parameters for all variants
Add component (AddParameter): Name = "Part Number"; Value = "MISC-00027"; VariantName = "[No Variations]"
Added Component: Designator=H3(#8-32_SOCKET_HEAD)
Add component. Clean all parameters for all variants
Add component (AddParameter): Name = "Part Number"; Value = "MISC-00027"; VariantName = "[No Variations]"
Added Component: Designator=H4(#8-32_SOCKET_HEAD)
Add component. Clean all parameters for all variants
Add component (AddParameter): Name = "Part Number"; Value = "MISC-00027"; VariantName = "[No Variations]"
Added Pin To Net: NetName=GND Pin=H1-0
Added Pin To Net: NetName=GND Pin=H2-0
Added Pin To Net: NetName=GND Pin=H3-0
Added Pin To Net: NetName=GND Pin=H4-0
Change Net Color : Old Net Color=Yellow New Net Color=Default
Change Net Color : Old Net Color=Aqua New Net Color=Default
Change Net Color : Old Net Color=RGB(232, 93, 172) New Net Color=Default
Change Net Color : Old Net Color=Green New Net Color=Default
Change Net Color : Old Net Color=RGB(66, 28, 139) New Net Color=Default
Change Net Color : Old Net Color=Purple New Net Color=Default
Change Net Color : Old Net Color=RGB(86, 169, 199) New Net Color=Default
Change Net Color : Old Net Color=RGB(114, 60, 56) New Net Color=Default
Change Net Color : Old Net Color=RGB(172, 141, 159) New Net Color=Default
Change Net Color : Old Net Color=RGB(166, 114, 154) New Net Color=Default
Change Net Color : Old Net Color=RGB(239, 171, 141) New Net Color=Default
Added Member To Class: ClassName=LedModulePower Member=Component H1 mounting_hole_0
Added Member To Class: ClassName=LedModulePower Member=Component H2 mounting_hole_0
Added Member To Class: ClassName=LedModulePower Member=Component H3 mounting_hole_0
Added Member To Class: ClassName=LedModulePower Member=Component H4 mounting_hole_0
Added Room: Name=LedModuleMicrocontroller
Added Room: Name=LedModulePower
